# Writing all output to: C:\Users\Electronica\Documents\Feria-2025\Dise??o feria\Placas\Pacman - placa.log
set pad_wire_necking on
bus diagonal
fanout 20
route 100
clean 10
route 100 16
clean 10
route 100 16
clean 10
route 100 16
clean 10
route 100 16
clean 10
route 100 16
clean 10
route 100 16
clean 10
route 100 16
clean 10
route 100 16
clean 10
route 100 16
clean 10
route 100 16
clean 10
route 100 16
clean 10
route 100 16
clean 10
route 100 16
clean 10
route 100 16
clean 10
route 100 16
clean 10
route 100 16
clean 10
route 100 16
clean 10
route 100 16
clean 10
route 100 16
clean 10
route 100 16
clean 10
filter 5
recorner diagonal
status_file

