
ROM used:   1845/8192 (23%)
            1845/8192 (23%) including unused fragments

            1.0 Average locations per line
            6.3 Average locations per statement

RAM used:   26/368 (7%) at main() level
            67/368 (18%) worst case

Stack used: 9 worst case (4 in main + 5 for interrupts)
Stack size: 8

Lines Stmts  %   Files
----- ----- ---  -----
  128    69  23  Pacman.c
  751     0   0  ..\..\..\..\Program Files (x86)\PICC\devices\16F886.h
  456   100  34  ..\..\..\..\Program Files (x86)\PICC\drivers\LCD.c
   37     0   0  ..\..\..\..\Program Files (x86)\PICC\drivers\stdio.h
  423   125  43  ..\..\..\..\Program Files (x86)\PICC\drivers\string.h
   32     0   0  ..\..\..\..\Program Files (x86)\PICC\drivers\stddef.h
   28     0   0  ..\..\..\..\Program Files (x86)\PICC\drivers\ctype.h
----- -----
 1855   294 Total

Page ROM  %  RAM   Vol Diff  Functions:
---- --- --- ---   --- ----  ----------
 Inline         1             @delay_ms1
 Inline         3   760  4.5  lcd_read_byte
 Inline         2   262  3.7  lcd_read_nibble
0     43   2    1   399  2.4  lcd_send_nibble
0    186  10    3   415  3.7  lcd_send_byte
0    145   8    6   852  6.2  lcd_init
 Inline         4   208  6.3  lcd_gotoxy
0     95   5    1   354  4.7  lcd_putc
0     18   1    0    86  1.3  stop
0    266  14    4    96  2.3  isr_ext
0      6   0    0             @const751
0     86   5    4             @PSTRINGC7_640
0      6   0    0             @const753
 Inline        13             @MUL3232
 Inline         5             @PSTRINGCN7_640
0     79   4   13             @DIV3232
 Inline        12             @PRINTF_L32U_640
0     11   1    0    32  1.0  isr_timer0
0     17   1    0    29  1.2  isr_timer1
 Inline         0   108  1.2  Adelante
0      6   0    0             @const767
 Inline         4             @PSTRINGC7_9600_62_63
0      5   0    0             @const769
 Inline         0   108  1.2  Atras
0      4   0    0             @const771
0      4   0    0             @const772
 Inline         0   108  1.2  Derecha
0      5   0    0             @const774
0      5   0    0             @const775
 Inline         0   108  1.2  izquierda
0      7   0    0             @const777
0      6   0    0             @const778
0    688  37    2   718  5.6  MAIN
0      1   0    0             @const782
0      1   0    0             @const783
 Inline         0             @SCANF_WS
0     60   3    4             @SCANF_C_32769
 Inline         0             @cinit1

Program metrics:
    Functions               16
    Statements              294
    Comments                417
    Volume (V)              7815
    Difficulty (D)          45.7
    Effort to implement (E) 356906
    Time to implement (T)   5 hours, 30 minutes
    Est Delivered Bugs (B)  2
    Cyclomatic Complexity   13
    Maintainability (MI)    141

 Segment     Used  Free
-----------  ----  ----
00000-00003     4  0  
00004-0005E    91  0  
0005F-007FF  1750  203  
00800-00FFF     0  2048  
01000-017FF     0  2048  
01800-01FFF     0  2048  



